<?xml version="1.0" encoding="UTF-8"?>
<!-- Generated by org.testng.reporters.JUnitReportReporter -->
<testsuite skipped="0" hostname="FSSCHND13937" name="mBankingControlCenter.MobileBanking" tests="12" failures="1" timestamp="29 Dec 2017 11:16:11 GMT" time="58.173" errors="0">
  <testcase name="CancelMMIDAll" time="1.281" classname="mBankingControlCenter.MobileBanking"/>
  <testcase name="ChequeStatus" time="3.353" classname="mBankingControlCenter.MobileBanking"/>
  <testcase name="RetrieveMMID" time="1.174" classname="mBankingControlCenter.MobileBanking"/>
  <testcase name="TransactionHistory" time="36.783" classname="mBankingControlCenter.MobileBanking"/>
  <testcase name="StopCheque" time="2.596" classname="mBankingControlCenter.MobileBanking"/>
  <testcase name="AccountSync" time="4.508" classname="mBankingControlCenter.MobileBanking"/>
  <testcase name="EmailIDUpdate" time="0.973" classname="mBankingControlCenter.MobileBanking"/>
  <testcase name="CancelMMIDSingle" time="1.484" classname="mBankingControlCenter.MobileBanking">
    <failure type="java.lang.AssertionError" message="expected [true] but found [false]">
      <![CDATA[java.lang.AssertionError: expected [true] but found [false]
	at org.testng.Assert.fail(Assert.java:93)
	at org.testng.Assert.failNotEquals(Assert.java:512)
	at org.testng.Assert.assertTrue(Assert.java:41)
	at org.testng.Assert.assertTrue(Assert.java:51)
	at mBankingControlCenter.MobileBanking.CancelMMIDSingle(MobileBanking.java:76)
	at sun.reflect.NativeMethodAccessorImpl.invoke0(Native Method)
	at sun.reflect.NativeMethodAccessorImpl.invoke(NativeMethodAccessorImpl.java:62)
	at sun.reflect.DelegatingMethodAccessorImpl.invoke(DelegatingMethodAccessorImpl.java:43)
	at java.lang.reflect.Method.invoke(Method.java:498)
	at org.testng.internal.MethodInvocationHelper.invokeMethod(MethodInvocationHelper.java:108)
	at org.testng.internal.Invoker.invokeMethod(Invoker.java:669)
	at org.testng.internal.Invoker.invokeTestMethod(Invoker.java:877)
	at org.testng.internal.Invoker.invokeTestMethods(Invoker.java:1201)
	at org.testng.internal.TestMethodWorker.invokeTestMethods(TestMethodWorker.java:125)
	at org.testng.internal.TestMethodWorker.run(TestMethodWorker.java:109)
	at org.testng.TestRunner.privateRun(TestRunner.java:776)
	at org.testng.TestRunner.run(TestRunner.java:634)
	at org.testng.SuiteRunner.runTest(SuiteRunner.java:425)
	at org.testng.SuiteRunner.runSequentially(SuiteRunner.java:420)
	at org.testng.SuiteRunner.privateRun(SuiteRunner.java:385)
	at org.testng.SuiteRunner.run(SuiteRunner.java:334)
	at org.testng.SuiteRunnerWorker.runSuite(SuiteRunnerWorker.java:52)
	at org.testng.SuiteRunnerWorker.run(SuiteRunnerWorker.java:86)
	at org.testng.TestNG.runSuitesSequentially(TestNG.java:1318)
	at org.testng.TestNG.runSuitesLocally(TestNG.java:1243)
	at org.testng.TestNG.runSuites(TestNG.java:1161)
	at org.testng.TestNG.run(TestNG.java:1129)
	at org.testng.remote.AbstractRemoteTestNG.run(AbstractRemoteTestNG.java:114)
	at org.testng.remote.RemoteTestNG.initAndRun(RemoteTestNG.java:251)
	at org.testng.remote.RemoteTestNG.main(RemoteTestNG.java:77)
]]>
    </failure>
  </testcase> <!-- CancelMMIDSingle -->
  <testcase name="EmailIDFetch" time="0.967" classname="mBankingControlCenter.MobileBanking"/>
  <testcase name="BalanceEnquiry" time="1.810" classname="mBankingControlCenter.MobileBanking"/>
  <testcase name="GenerateMMID" time="1.677" classname="mBankingControlCenter.MobileBanking"/>
  <testcase name="MiniStatement" time="1.567" classname="mBankingControlCenter.MobileBanking"/>
</testsuite> <!-- mBankingControlCenter.MobileBanking -->
