<?xml version="1.0" encoding="UTF-8"?>
<!-- Generated by org.testng.reporters.JUnitReportReporter -->
<testsuite skipped="0" hostname="FSSCHND13937" name="mBankingControlCenter.MobileBanking" tests="2" failures="0" timestamp="18 Dec 2017 07:10:06 GMT" time="6.719" errors="0">
  <testcase name="BalanceEnquiry" time="4.640" classname="mBankingControlCenter.MobileBanking"/>
  <testcase name="MiniStatement" time="2.079" classname="mBankingControlCenter.MobileBanking"/>
</testsuite> <!-- mBankingControlCenter.MobileBanking -->
