<?xml version="1.0" encoding="UTF-8"?>
<!-- Generated by org.testng.reporters.JUnitReportReporter -->
<testsuite skipped="0" hostname="FSSCHND13937" name="mBankingControlCenter.NonFinancialTransactions" tests="12" failures="0" timestamp="22 Jan 2018 12:51:41 GMT" time="60.628" errors="0">
  <testcase name="CancelMMIDSingle" time="2.834" classname="mBankingControlCenter.NonFinancialTransactions"/>
  <testcase name="TransactionHistory" time="37.881" classname="mBankingControlCenter.NonFinancialTransactions"/>
  <testcase name="EmailIDUpdate" time="1.320" classname="mBankingControlCenter.NonFinancialTransactions"/>
  <testcase name="CancelMMIDAll" time="2.516" classname="mBankingControlCenter.NonFinancialTransactions"/>
  <testcase name="StopCheque" time="2.387" classname="mBankingControlCenter.NonFinancialTransactions"/>
  <testcase name="AccountSync" time="4.496" classname="mBankingControlCenter.NonFinancialTransactions"/>
  <testcase name="RetrieveMMID" time="1.039" classname="mBankingControlCenter.NonFinancialTransactions"/>
  <testcase name="GenerateMMID" time="1.505" classname="mBankingControlCenter.NonFinancialTransactions"/>
  <testcase name="EmailIDFetch" time="1.055" classname="mBankingControlCenter.NonFinancialTransactions"/>
  <testcase name="ChequeStatus" time="1.891" classname="mBankingControlCenter.NonFinancialTransactions"/>
  <testcase name="BalanceEnquiry" time="1.731" classname="mBankingControlCenter.NonFinancialTransactions"/>
  <testcase name="MiniStatement" time="1.973" classname="mBankingControlCenter.NonFinancialTransactions"/>
</testsuite> <!-- mBankingControlCenter.NonFinancialTransactions -->
