<?xml version="1.0" encoding="UTF-8"?>
<!-- Generated by org.testng.reporters.JUnitReportReporter -->
<testsuite skipped="0" hostname="brantansp-PC" name="mBanking.MobileBanking" tests="1" failures="0" timestamp="02 Dec 2017 10:46:32 GMT" time="0.160" errors="0">
  <testcase name="BalanceEnquiry" time="0.160" classname="mBanking.MobileBanking"/>
</testsuite> <!-- mBanking.MobileBanking -->
