<?xml version="1.0" encoding="UTF-8"?>
<!-- Generated by org.testng.reporters.JUnitReportReporter -->
<testsuite skipped="0" hostname="FSSCHND13937" name="mBankingControlCenter.MobileBanking" tests="12" failures="0" timestamp="08 Jan 2018 13:06:11 GMT" time="62.886" errors="0">
  <testcase name="EmailIDUpdate" time="1.068" classname="mBankingControlCenter.MobileBanking"/>
  <testcase name="ChequeStatus" time="2.127" classname="mBankingControlCenter.MobileBanking"/>
  <testcase name="CancelMMIDAll" time="2.949" classname="mBankingControlCenter.MobileBanking"/>
  <testcase name="AccountSync" time="5.577" classname="mBankingControlCenter.MobileBanking"/>
  <testcase name="BalanceEnquiry" time="2.094" classname="mBankingControlCenter.MobileBanking"/>
  <testcase name="TransactionHistory" time="37.979" classname="mBankingControlCenter.MobileBanking"/>
  <testcase name="GenerateMMID" time="1.381" classname="mBankingControlCenter.MobileBanking"/>
  <testcase name="MiniStatement" time="1.970" classname="mBankingControlCenter.MobileBanking"/>
  <testcase name="RetrieveMMID" time="1.096" classname="mBankingControlCenter.MobileBanking"/>
  <testcase name="StopCheque" time="1.891" classname="mBankingControlCenter.MobileBanking"/>
  <testcase name="EmailIDFetch" time="1.082" classname="mBankingControlCenter.MobileBanking"/>
  <testcase name="CancelMMIDSingle" time="3.672" classname="mBankingControlCenter.MobileBanking"/>
</testsuite> <!-- mBankingControlCenter.MobileBanking -->
