<?xml version="1.0" encoding="UTF-8"?>
<!-- Generated by org.testng.reporters.JUnitReportReporter -->
<testsuite skipped="0" hostname="FSSCHND13937" name="mBankingUtilityCenter.ExtentManager" tests="1" failures="0" timestamp="22 Mar 2018 09:54:18 GMT" time="0.009" errors="0">
  <testcase name="check" time="0.009" classname="mBankingUtilityCenter.ExtentManager"/>
</testsuite> <!-- mBankingUtilityCenter.ExtentManager -->
