<?xml version="1.0" encoding="UTF-8"?>
<!-- Generated by org.testng.reporters.JUnitReportReporter -->
<testsuite skipped="0" hostname="FSSCHND13937" name="mBankingControlCenter.NonFinancialTransactions" tests="14" failures="0" timestamp="22 Mar 2018 11:08:27 GMT" time="36.240" errors="0">
  <testcase name="AppLogin" time="1.989" classname="mBankingControlCenter.NonFinancialTransactions"/>
  <testcase name="balanceEnq" time="2.213" classname="mBankingControlCenter.NonFinancialTransactions"/>
  <testcase name="MiniStatement" time="1.672" classname="mBankingControlCenter.NonFinancialTransactions"/>
  <testcase name="TransactionHistory" time="1.590" classname="mBankingControlCenter.NonFinancialTransactions"/>
  <testcase name="GenerateMMID" time="1.731" classname="mBankingControlCenter.NonFinancialTransactions"/>
  <testcase name="RetrieveMMID" time="1.276" classname="mBankingControlCenter.NonFinancialTransactions"/>
  <testcase name="CancelMMIDAll" time="2.866" classname="mBankingControlCenter.NonFinancialTransactions"/>
  <testcase name="CancelMMIDSingle" time="3.521" classname="mBankingControlCenter.NonFinancialTransactions"/>
  <testcase name="EmailIDFetch" time="4.768" classname="mBankingControlCenter.NonFinancialTransactions"/>
  <testcase name="EmailIDUpdate" time="3.130" classname="mBankingControlCenter.NonFinancialTransactions"/>
  <testcase name="ChequeStatus" time="2.209" classname="mBankingControlCenter.NonFinancialTransactions"/>
  <testcase name="StopCheque" time="1.790" classname="mBankingControlCenter.NonFinancialTransactions"/>
  <testcase name="Accountfetch" time="4.319" classname="mBankingControlCenter.NonFinancialTransactions"/>
  <testcase name="changeloginpwd" time="3.166" classname="mBankingControlCenter.NonFinancialTransactions"/>
</testsuite> <!-- mBankingControlCenter.NonFinancialTransactions -->
