<?xml version="1.0" encoding="UTF-8"?>
<!-- Generated by org.testng.reporters.JUnitReportReporter -->
<testsuite skipped="0" hostname="FSSCHND13937" name="mBankingControlCenter.NonFinancialTransactions" tests="14" failures="0" timestamp="21 Mar 2018 14:21:33 GMT" time="28.275" errors="0">
  <testcase name="AppLogin" time="2.236" classname="mBankingControlCenter.NonFinancialTransactions"/>
  <testcase name="balanceEnq" time="3.956" classname="mBankingControlCenter.NonFinancialTransactions"/>
  <testcase name="MiniStatement" time="2.691" classname="mBankingControlCenter.NonFinancialTransactions"/>
  <testcase name="TransactionHistory" time="1.885" classname="mBankingControlCenter.NonFinancialTransactions"/>
  <testcase name="GenerateMMID" time="1.261" classname="mBankingControlCenter.NonFinancialTransactions"/>
  <testcase name="RetrieveMMID" time="1.281" classname="mBankingControlCenter.NonFinancialTransactions"/>
  <testcase name="CancelMMIDAll" time="2.407" classname="mBankingControlCenter.NonFinancialTransactions"/>
  <testcase name="CancelMMIDSingle" time="2.649" classname="mBankingControlCenter.NonFinancialTransactions"/>
  <testcase name="EmailIDFetch" time="1.573" classname="mBankingControlCenter.NonFinancialTransactions"/>
  <testcase name="EmailIDUpdate" time="1.046" classname="mBankingControlCenter.NonFinancialTransactions"/>
  <testcase name="ChequeStatus" time="2.466" classname="mBankingControlCenter.NonFinancialTransactions"/>
  <testcase name="Accountfetch" time="1.079" classname="mBankingControlCenter.NonFinancialTransactions"/>
  <testcase name="StopCheque" time="2.668" classname="mBankingControlCenter.NonFinancialTransactions"/>
  <testcase name="changeloginpwd" time="1.077" classname="mBankingControlCenter.NonFinancialTransactions"/>
</testsuite> <!-- mBankingControlCenter.NonFinancialTransactions -->
